INFO - 2023-11-13 21:50:37 --> Session: Class initialized using 'CodeIgniter\Session\Handlers\FileHandler' driver.
ERROR - 2023-11-13 21:50:41 --> Error connecting to the database: ErrorException: pg_connect(): Unable to connect to PostgreSQL server: could not connect to server: Connection refused (0x0000274D/10061)
	Is the server running on host &quot;localhost&quot; (::1) and accepting
	TCP/IP connections on port 5432?
could not connect to server: Connection refused (0x0000274D/10061)
	Is the server running on host &quot;localhost&quot; (127.0.0.1) and accepting
	TCP/IP connections on port 5432? in C:\Users\silvi\OneDrive\Área de Trabalho\WorkSpace\Pessoal\codeigniter\om30-ci4\src\vendor\codeigniter4\framework\system\Database\Postgre\Connection.php:72
Stack trace:
#0 [internal function]: CodeIgniter\Debug\Exceptions->errorHandler(2, 'pg_connect(): U...', 'C:\\Users\\silvi\\...', 72)
#1 C:\Users\silvi\OneDrive\Área de Trabalho\WorkSpace\Pessoal\codeigniter\om30-ci4\src\vendor\codeigniter4\framework\system\Database\Postgre\Connection.php(72): pg_connect('host=localhost ...')
#2 C:\Users\silvi\OneDrive\Área de Trabalho\WorkSpace\Pessoal\codeigniter\om30-ci4\src\vendor\codeigniter4\framework\system\Database\BaseConnection.php(392): CodeIgniter\Database\Postgre\Connection->connect(false)
#3 C:\Users\silvi\OneDrive\Área de Trabalho\WorkSpace\Pessoal\codeigniter\om30-ci4\src\vendor\codeigniter4\framework\system\Database\BaseConnection.php(575): CodeIgniter\Database\BaseConnection->initialize()
#4 C:\Users\silvi\OneDrive\Área de Trabalho\WorkSpace\Pessoal\codeigniter\om30-ci4\src\vendor\codeigniter4\framework\system\Database\BaseBuilder.php(1615): CodeIgniter\Database\BaseConnection->query('SELECT *\nFROM "...', Array, false)
#5 C:\Users\silvi\OneDrive\Área de Trabalho\WorkSpace\Pessoal\codeigniter\om30-ci4\src\vendor\codeigniter4\settings\src\Handlers\DatabaseHandler.php(173): CodeIgniter\Database\BaseBuilder->get()
#6 C:\Users\silvi\OneDrive\Área de Trabalho\WorkSpace\Pessoal\codeigniter\om30-ci4\src\vendor\codeigniter4\settings\src\Handlers\DatabaseHandler.php(51): CodeIgniter\Settings\Handlers\DatabaseHandler->hydrate(NULL)
#7 C:\Users\silvi\OneDrive\Área de Trabalho\WorkSpace\Pessoal\codeigniter\om30-ci4\src\vendor\codeigniter4\settings\src\Settings.php(59): CodeIgniter\Settings\Handlers\DatabaseHandler->has('Config\\Auth', 'sessionConfig', NULL)
#8 C:\Users\silvi\OneDrive\Área de Trabalho\WorkSpace\Pessoal\codeigniter\om30-ci4\src\vendor\codeigniter4\settings\src\Helpers\setting_helper.php(25): CodeIgniter\Settings\Settings->get('Auth.sessionCon...')
#9 C:\Users\silvi\OneDrive\Área de Trabalho\WorkSpace\Pessoal\codeigniter\om30-ci4\src\vendor\codeigniter4\shield\src\Authentication\Authenticators\Session.php(689): setting('Auth.sessionCon...')
#10 C:\Users\silvi\OneDrive\Área de Trabalho\WorkSpace\Pessoal\codeigniter\om30-ci4\src\vendor\codeigniter4\shield\src\Authentication\Authenticators\Session.php(707): CodeIgniter\Shield\Authentication\Authenticators\Session->getSessionUserInfo()
#11 C:\Users\silvi\OneDrive\Área de Trabalho\WorkSpace\Pessoal\codeigniter\om30-ci4\src\vendor\codeigniter4\shield\src\Authentication\Authenticators\Session.php(394): CodeIgniter\Shield\Authentication\Authenticators\Session->getSessionKey('id')
#12 C:\Users\silvi\OneDrive\Área de Trabalho\WorkSpace\Pessoal\codeigniter\om30-ci4\src\vendor\codeigniter4\shield\src\Authentication\Authenticators\Session.php(378): CodeIgniter\Shield\Authentication\Authenticators\Session->checkUserState()
#13 C:\Users\silvi\OneDrive\Área de Trabalho\WorkSpace\Pessoal\codeigniter\om30-ci4\src\vendor\codeigniter4\shield\src\Filters\SessionAuth.php(47): CodeIgniter\Shield\Authentication\Authenticators\Session->loggedIn()
#14 C:\Users\silvi\OneDrive\Área de Trabalho\WorkSpace\Pessoal\codeigniter\om30-ci4\src\vendor\codeigniter4\framework\system\Filters\Filters.php(184): CodeIgniter\Shield\Filters\SessionAuth->before(Object(CodeIgniter\HTTP\IncomingRequest), NULL)
#15 C:\Users\silvi\OneDrive\Área de Trabalho\WorkSpace\Pessoal\codeigniter\om30-ci4\src\vendor\codeigniter4\framework\system\CodeIgniter.php(474): CodeIgniter\Filters\Filters->run('patient', 'before')
#16 C:\Users\silvi\OneDrive\Área de Trabalho\WorkSpace\Pessoal\codeigniter\om30-ci4\src\vendor\codeigniter4\framework\system\CodeIgniter.php(361): CodeIgniter\CodeIgniter->handleRequest(NULL, Object(Config\Cache), false)
#17 C:\Users\silvi\OneDrive\Área de Trabalho\WorkSpace\Pessoal\codeigniter\om30-ci4\src\public\index.php(79): CodeIgniter\CodeIgniter->run()
#18 C:\Users\silvi\OneDrive\Área de Trabalho\WorkSpace\Pessoal\codeigniter\om30-ci4\src\vendor\codeigniter4\framework\system\Commands\Server\rewrite.php(47): require_once('C:\\Users\\silvi\\...')
#19 {main}
CRITICAL - 2023-11-13 21:50:41 --> Unable to connect to the database.
Main connection [Postgre]: pg_connect(): Unable to connect to PostgreSQL server: could not connect to server: Connection refused (0x0000274D/10061)
	Is the server running on host &quot;localhost&quot; (::1) and accepting
	TCP/IP connections on port 5432?
could not connect to server: Connection refused (0x0000274D/10061)
	Is the server running on host &quot;localhost&quot; (127.0.0.1) and accepting
	TCP/IP connections on port 5432?
in SYSTEMPATH\Database\BaseConnection.php on line 428.
 1 SYSTEMPATH\Database\BaseConnection.php(575): CodeIgniter\Database\BaseConnection->initialize()
 2 SYSTEMPATH\Database\BaseBuilder.php(1615): CodeIgniter\Database\BaseConnection->query('SELECT *
FROM "settings"
WHERE "context" IS NULL', [], false)
 3 VENDORPATH\codeigniter4\settings\src\Handlers\DatabaseHandler.php(173): CodeIgniter\Database\BaseBuilder->get()
 4 VENDORPATH\codeigniter4\settings\src\Handlers\DatabaseHandler.php(51): CodeIgniter\Settings\Handlers\DatabaseHandler->hydrate(null)
 5 VENDORPATH\codeigniter4\settings\src\Settings.php(59): CodeIgniter\Settings\Handlers\DatabaseHandler->has('Config\\Auth', 'sessionConfig', null)
 6 VENDORPATH\codeigniter4\settings\src\Helpers\setting_helper.php(25): CodeIgniter\Settings\Settings->get('Auth.sessionConfig')
 7 VENDORPATH\codeigniter4\shield\src\Authentication\Authenticators\Session.php(689): setting('Auth.sessionConfig')
 8 VENDORPATH\codeigniter4\shield\src\Authentication\Authenticators\Session.php(707): CodeIgniter\Shield\Authentication\Authenticators\Session->getSessionUserInfo()
 9 VENDORPATH\codeigniter4\shield\src\Authentication\Authenticators\Session.php(394): CodeIgniter\Shield\Authentication\Authenticators\Session->getSessionKey('id')
10 VENDORPATH\codeigniter4\shield\src\Authentication\Authenticators\Session.php(378): CodeIgniter\Shield\Authentication\Authenticators\Session->checkUserState()
11 VENDORPATH\codeigniter4\shield\src\Filters\SessionAuth.php(47): CodeIgniter\Shield\Authentication\Authenticators\Session->loggedIn()
12 SYSTEMPATH\Filters\Filters.php(184): CodeIgniter\Shield\Filters\SessionAuth->before(Object(CodeIgniter\HTTP\IncomingRequest), null)
13 SYSTEMPATH\CodeIgniter.php(474): CodeIgniter\Filters\Filters->run('patient', 'before')
14 SYSTEMPATH\CodeIgniter.php(361): CodeIgniter\CodeIgniter->handleRequest(null, Object(Config\Cache), false)
15 FCPATH\index.php(79): CodeIgniter\CodeIgniter->run()
16 SYSTEMPATH\Commands\Server\rewrite.php(47): require_once('C:\\Users\\silvi\\OneDrive\\Área de Trabalho\\WorkSpace\\Pessoal\\codeigniter\\om30-ci4\\src\\public\\index.php')
INFO - 2023-11-13 21:52:14 --> Session: Class initialized using 'CodeIgniter\Session\Handlers\FileHandler' driver.
INFO - 2023-11-13 21:52:16 --> Session: Class initialized using 'CodeIgniter\Session\Handlers\FileHandler' driver.
INFO - 2023-11-13 21:52:18 --> Session: Class initialized using 'CodeIgniter\Session\Handlers\FileHandler' driver.
INFO - 2023-11-13 21:52:24 --> Session: Class initialized using 'CodeIgniter\Session\Handlers\FileHandler' driver.
INFO - 2023-11-13 21:52:24 --> CSRF token verified.
INFO - 2023-11-13 21:52:27 --> Session: Class initialized using 'CodeIgniter\Session\Handlers\FileHandler' driver.
INFO - 2023-11-13 21:52:55 --> Session: Class initialized using 'CodeIgniter\Session\Handlers\FileHandler' driver.
INFO - 2023-11-13 21:53:57 --> Session: Class initialized using 'CodeIgniter\Session\Handlers\FileHandler' driver.
INFO - 2023-11-13 21:53:59 --> Session: Class initialized using 'CodeIgniter\Session\Handlers\FileHandler' driver.
INFO - 2023-11-13 21:54:03 --> Session: Class initialized using 'CodeIgniter\Session\Handlers\FileHandler' driver.
INFO - 2023-11-13 21:54:21 --> Session: Class initialized using 'CodeIgniter\Session\Handlers\FileHandler' driver.
INFO - 2023-11-13 21:54:23 --> Session: Class initialized using 'CodeIgniter\Session\Handlers\FileHandler' driver.
INFO - 2023-11-13 21:54:27 --> Session: Class initialized using 'CodeIgniter\Session\Handlers\FileHandler' driver.
INFO - 2023-11-13 21:54:51 --> Session: Class initialized using 'CodeIgniter\Session\Handlers\FileHandler' driver.
INFO - 2023-11-13 21:54:51 --> CSRF token verified.
INFO - 2023-11-13 21:54:58 --> Session: Class initialized using 'CodeIgniter\Session\Handlers\FileHandler' driver.
INFO - 2023-11-13 21:55:02 --> Session: Class initialized using 'CodeIgniter\Session\Handlers\FileHandler' driver.
INFO - 2023-11-13 21:55:05 --> Session: Class initialized using 'CodeIgniter\Session\Handlers\FileHandler' driver.
INFO - 2023-11-13 21:55:41 --> Session: Class initialized using 'CodeIgniter\Session\Handlers\FileHandler' driver.
INFO - 2023-11-13 21:56:38 --> Session: Class initialized using 'CodeIgniter\Session\Handlers\FileHandler' driver.
INFO - 2023-11-13 21:57:02 --> Session: Class initialized using 'CodeIgniter\Session\Handlers\FileHandler' driver.
INFO - 2023-11-13 21:57:06 --> Session: Class initialized using 'CodeIgniter\Session\Handlers\FileHandler' driver.
INFO - 2023-11-13 21:57:08 --> Session: Class initialized using 'CodeIgniter\Session\Handlers\FileHandler' driver.
INFO - 2023-11-13 21:57:11 --> Session: Class initialized using 'CodeIgniter\Session\Handlers\FileHandler' driver.
